Load "d:\\AWORK\\04_Archives\\SOFT\\HC32\\HC32_ADC\\MDK\\output\\release\\gpio_output.axf" 
* JLink Info: Device "CORTEX-M0+" selected.
Set JLink Project File to "d:\AWORK\04_Archives\SOFT\HC32\HC32_ADC\MDK\JLinkSettings.ini"* JLink Info: Device "CORTEX-M0" selected.

JLink info:
------------
DLL: V6.44g, compiled Apr 18 2019 17:12:10
Firmware: J-Link OB-STM32F072-128KB-CortexM compiled Oct 30 2023 12:11:14
Hardware: V1.00
Feature(s) : GDB, FlashDL, FlashBP, JFlash 

* JLink Info: Found SW-DP with ID 0x0BC11477
* JLink Info: Scanning AP map to find all available APs
* JLink Info: AP[1]: Stopped AP scan as end of AP map has been reached
* JLink Info: AP[0]: AHB-AP (IDR: 0x04770031)
* JLink Info: Iterating through AP map to find AHB-AP to use
* JLink Info: AP[0]: Core found
* JLink Info: AP[0]: AHB-AP ROM base: 0xE00FF000
* JLink Info: CPUID register: 0x410CC601. Implementer code: 0x41 (ARM)
* JLink Info: Found Cortex-M0 r0p1, Little endian.
* JLink Info: FPUnit: 4 code (BP) slots and 0 literal slots
* JLink Info: CoreSight components:
* JLink Info: ROMTbl[0] @ E00FF000
* JLink Info: ROMTbl[0][0]: E000E000, CID: B105E00D, PID: 000BB008 SCS
* JLink Info: ROMTbl[0][1]: E0001000, CID: B105E00D, PID: 000BB00A DWT
* JLink Info: ROMTbl[0][2]: E0002000, CID: B105E00D, PID: 000BB00B FPB
ROMTableAddr = 0xE00FF000
* JLink Info: Reset: Halt core after reset via DEMCR.VC_CORERESET.
* JLink Info: Reset: Reset device via AIRCR.SYSRESETREQ.

Target info:
------------
Device: ARMCM0P
VTarget = 3.300V
State of Pins: TCK: 0, TDI: 0, TDO: 1, TMS: 1, TRES: 1, TRST: 1
Hardware-Breakpoints: 4
Software-Breakpoints: 8192
Watchpoints:          2
JTAG speed: 1000 kHz

Erase Done.Programming Done.* JLink Info: Reset: Halt core after reset via DEMCR.VC_CORERESET.
* JLink Info: Reset: Reset device via AIRCR.SYSRESETREQ.
Application running ...
Flash Load finished at 12:17:25
